---- AspectJ Properties ---
AspectJ Compiler 1.9.22.1 built on Friday May 10, 2024 at 23:23:16 PDT
---- Dump Properties ---
Dump file: ajcore.20251104.191126.951.txt
Dump reason: org.aspectj.weaver.BCException
Dump on exception: true
Dump at exit condition: abort
---- Exception Information ---
org.aspectj.weaver.BCException: Error processing class file
when weaving type WebSteps.NaviSteps
when weaving classes 
when weaving 

	at org.aspectj.weaver.bcel.LazyClassGen.getJavaClassBytesIncludingReweavable(LazyClassGen.java:769)
	at org.aspectj.weaver.bcel.BcelWeaver.getClassFilesFor(BcelWeaver.java:1456)
	at org.aspectj.weaver.bcel.BcelWeaver.weaveAndNotify(BcelWeaver.java:1418)
	at org.aspectj.weaver.bcel.BcelWeaver.weave(BcelWeaver.java:1189)
	at org.aspectj.weaver.tools.WeavingAdaptor.getWovenBytes(WeavingAdaptor.java:574)
	at org.aspectj.weaver.tools.WeavingAdaptor.weaveClass(WeavingAdaptor.java:398)
	at org.aspectj.weaver.loadtime.Aj.preProcess(Aj.java:122)
	at org.aspectj.weaver.loadtime.ClassPreProcessorAgentAdapter.transform(ClassPreProcessorAgentAdapter.java:51)
	at java.instrument/java.lang.instrument.ClassFileTransformer.transform(ClassFileTransformer.java:242)
	at java.instrument/sun.instrument.TransformerManager.transform(TransformerManager.java:188)
	at java.instrument/sun.instrument.InstrumentationImpl.transform(InstrumentationImpl.java:610)
	at java.base/java.lang.ClassLoader.defineClass1(Native Method)
	at java.base/java.lang.ClassLoader.defineClass(ClassLoader.java:1026)
	at java.base/java.security.SecureClassLoader.defineClass(SecureClassLoader.java:150)
	at java.base/jdk.internal.loader.BuiltinClassLoader.defineClass(BuiltinClassLoader.java:862)
	at java.base/jdk.internal.loader.BuiltinClassLoader.findClassOnClassPathOrNull(BuiltinClassLoader.java:760)
	at java.base/jdk.internal.loader.BuiltinClassLoader.loadClassOrNull(BuiltinClassLoader.java:681)
	at java.base/jdk.internal.loader.BuiltinClassLoader.loadClass(BuiltinClassLoader.java:639)
	at java.base/jdk.internal.loader.ClassLoaders$AppClassLoader.loadClass(ClassLoaders.java:188)
	at java.base/java.lang.ClassLoader.loadClass(ClassLoader.java:528)
	at java.base/java.lang.Class.forName0(Native Method)
	at java.base/java.lang.Class.forName(Class.java:578)
	at java.base/java.lang.Class.forName(Class.java:557)
	at org.gradle.api.internal.tasks.testing.junitplatform.JUnitPlatformTestClassProcessor.loadClass(JUnitPlatformTestClassProcessor.java:173)
	at org.gradle.api.internal.tasks.testing.junitplatform.JUnitPlatformTestClassProcessor.access$100(JUnitPlatformTestClassProcessor.java:62)
	at org.gradle.api.internal.tasks.testing.junitplatform.JUnitPlatformTestClassProcessor$CollectAllTestClassesExecutor.execute(JUnitPlatformTestClassProcessor.java:109)
	at org.gradle.api.internal.tasks.testing.junitplatform.JUnitPlatformTestClassProcessor$CollectAllTestClassesExecutor.execute(JUnitPlatformTestClassProcessor.java:99)
	at org.gradle.api.internal.tasks.testing.junit.AbstractJUnitTestClassProcessor.processTestClass(AbstractJUnitTestClassProcessor.java:54)
	at org.gradle.api.internal.tasks.testing.SuiteTestClassProcessor.processTestClass(SuiteTestClassProcessor.java:53)
	at java.base/jdk.internal.reflect.DirectMethodHandleAccessor.invoke(DirectMethodHandleAccessor.java:103)
	at java.base/java.lang.reflect.Method.invoke(Method.java:580)
	at org.gradle.internal.dispatch.ReflectionDispatch.dispatch(ReflectionDispatch.java:36)
	at org.gradle.internal.dispatch.ReflectionDispatch.dispatch(ReflectionDispatch.java:24)
	at org.gradle.internal.dispatch.ContextClassLoaderDispatch.dispatch(ContextClassLoaderDispatch.java:33)
	at org.gradle.internal.dispatch.ProxyDispatchAdapter$DispatchingInvocationHandler.invoke(ProxyDispatchAdapter.java:92)
	at jdk.proxy1/jdk.proxy1.$Proxy4.processTestClass(Unknown Source)
	at org.gradle.api.internal.tasks.testing.worker.TestWorker$2.run(TestWorker.java:183)
	at org.gradle.api.internal.tasks.testing.worker.TestWorker.executeAndMaintainThreadName(TestWorker.java:132)
	at org.gradle.api.internal.tasks.testing.worker.TestWorker.execute(TestWorker.java:103)
	at org.gradle.api.internal.tasks.testing.worker.TestWorker.execute(TestWorker.java:63)
	at org.gradle.process.internal.worker.child.ActionExecutionWorker.execute(ActionExecutionWorker.java:56)
	at org.gradle.process.internal.worker.child.SystemApplicationClassLoaderWorker.call(SystemApplicationClassLoaderWorker.java:121)
	at org.gradle.process.internal.worker.child.SystemApplicationClassLoaderWorker.call(SystemApplicationClassLoaderWorker.java:71)
	at worker.org.gradle.process.internal.worker.GradleWorkerMain.run(GradleWorkerMain.java:69)
	at worker.org.gradle.process.internal.worker.GradleWorkerMain.main(GradleWorkerMain.java:74)
Caused by: java.lang.IllegalArgumentException: Unsupported class file major version 67
	at aj.org.objectweb.asm.ClassReader.<init>(ClassReader.java:200)
	at aj.org.objectweb.asm.ClassReader.<init>(ClassReader.java:180)
	at aj.org.objectweb.asm.ClassReader.<init>(ClassReader.java:166)
	at org.aspectj.weaver.bcel.asm.StackMapAdder.addStackMaps(StackMapAdder.java:42)
	at org.aspectj.weaver.bcel.LazyClassGen.getJavaClassBytesIncludingReweavable(LazyClassGen.java:771)
	... 44 more
---- System Properties ---
java.specification.version=23
sun.jnu.encoding=UTF-8
org.gradle.test.worker=6
java.class.path=/Users/aleksandrshvidkii/.gradle/caches/8.13/workerMain/gradle-worker.jar:/Users/aleksandrshvidkii/IdeaProjects/at_elektroinstrument/build/classes/java/test:/Users/aleksandrshvidkii/IdeaProjects/at_elektroinstrument/build/classes/java/main:/Users/aleksandrshvidkii/.gradle/caches/modules-2/files-2.1/io.qameta.allure/allure-junit5/2.17.2/612e89bd8a5c86bed4254c2ef42e7ae3c13af857/allure-junit5-2.17.2.jar:/Users/aleksandrshvidkii/.gradle/caches/modules-2/files-2.1/io.qameta.allure/allure-junit-platform/2.17.2/71a067b97945038ea5c94e2338576f06a72e44d8/allure-junit-platform-2.17.2.jar:/Users/aleksandrshvidkii/.gradle/caches/modules-2/files-2.1/org.junit.platform/junit-platform-launcher/6.0.0/725664fe4d930bfe48f8c058da2b8f87ee4bb94c/junit-platform-launcher-6.0.0.jar:/Users/aleksandrshvidkii/.gradle/caches/modules-2/files-2.1/org.junit.platform/junit-platform-engine/6.0.0/aae84943a45a3c181850158d6c022ae7a9d315b4/junit-platform-engine-6.0.0.jar:/Users/aleksandrshvidkii/.gradle/caches/modules-2/files-2.1/org.junit.platform/junit-platform-commons/6.0.0/2114748f1415dbe3c9820b8695a72aaa3c5e6ed/junit-platform-commons-6.0.0.jar:/Users/aleksandrshvidkii/.gradle/caches/modules-2/files-2.1/org.junit.jupiter/junit-jupiter-engine/6.0.0/ef749198d6e4c780f676271964bdb11e29f5f041/junit-jupiter-engine-6.0.0.jar:/Users/aleksandrshvidkii/.gradle/caches/modules-2/files-2.1/org.junit.jupiter/junit-jupiter-api/6.0.0/62298bd63312a3209c6a464aa8f6a008f960aecd/junit-jupiter-api-6.0.0.jar:/Users/aleksandrshvidkii/.gradle/caches/modules-2/files-2.1/com.codeborne/selenide/7.11.1/83e37fa4c6f81e644669c2799b363d2243777908/selenide-7.11.1.jar:/Users/aleksandrshvidkii/.gradle/caches/modules-2/files-2.1/io.qameta.allure/allure-selenide/2.30.0/4c11fb3022d1176647c65764c63e1b19d320ab6c/allure-selenide-2.30.0.jar:/Users/aleksandrshvidkii/.gradle/caches/modules-2/files-2.1/com.github.javafaker/javafaker/1.0.2/be0ff271b1208416822db4438864df47f90af92f/javafaker-1.0.2.jar:/Users/aleksandrshvidkii/.gradle/caches/modules-2/files-2.1/org.slf4j/slf4j-simple/2.0.17/9872a3fd794ffe7b18d17747926a64d61526ca96/slf4j-simple-2.0.17.jar:/Users/aleksandrshvidkii/.gradle/caches/modules-2/files-2.1/com.codeborne/selenide-core/7.11.1/5bc2b1911525b48b5b548e7788e033a6b5d7fb1b/selenide-core-7.11.1.jar:/Users/aleksandrshvidkii/.gradle/caches/modules-2/files-2.1/org.opentest4j/opentest4j/1.3.0/152ea56b3a72f655d4fd677fc0ef2596c3dd5e6e/opentest4j-1.3.0.jar:/Users/aleksandrshvidkii/.gradle/caches/modules-2/files-2.1/org.seleniumhq.selenium/selenium-java/4.36.0/2cc38c8dbef9d6e8774f05c2d2e8088180858ed4/selenium-java-4.36.0.jar:/Users/aleksandrshvidkii/.gradle/caches/modules-2/files-2.1/org.seleniumhq.selenium/selenium-chrome-driver/4.36.0/47d3827d984ff3b8c995dba34abf0ac9c72fa07d/selenium-chrome-driver-4.36.0.jar:/Users/aleksandrshvidkii/.gradle/caches/modules-2/files-2.1/org.seleniumhq.selenium/selenium-devtools-v138/4.36.0/802e9f52f606f9da5d9325482e864c53e469f4eb/selenium-devtools-v138-4.36.0.jar:/Users/aleksandrshvidkii/.gradle/caches/modules-2/files-2.1/org.seleniumhq.selenium/selenium-devtools-v139/4.36.0/55911d75a43f780efe51dcacbbdbc30774f65ce1/selenium-devtools-v139-4.36.0.jar:/Users/aleksandrshvidkii/.gradle/caches/modules-2/files-2.1/org.seleniumhq.selenium/selenium-devtools-v140/4.36.0/4198864cdb524278b8ef86ac263c20fdedb6294b/selenium-devtools-v140-4.36.0.jar:/Users/aleksandrshvidkii/.gradle/caches/modules-2/files-2.1/org.seleniumhq.selenium/selenium-edge-driver/4.36.0/322f97cdc53dd57e657f24e9051e101a6366af5/selenium-edge-driver-4.36.0.jar:/Users/aleksandrshvidkii/.gradle/caches/modules-2/files-2.1/org.seleniumhq.selenium/selenium-firefox-driver/4.36.0/3b248d1985fa887dc2b0a2e137b0e3aa7b1ee92c/selenium-firefox-driver-4.36.0.jar:/Users/aleksandrshvidkii/.gradle/caches/modules-2/files-2.1/org.seleniumhq.selenium/selenium-ie-driver/4.36.0/accbacb03c2da4d46dc15ff101e734fd55c28868/selenium-ie-driver-4.36.0.jar:/Users/aleksandrshvidkii/.gradle/caches/modules-2/files-2.1/org.seleniumhq.selenium/selenium-safari-driver/4.36.0/69bc0c15fc8f6c9968e60dbedd5f23f6a0f9af63/selenium-safari-driver-4.36.0.jar:/Users/aleksandrshvidkii/.gradle/caches/modules-2/files-2.1/org.seleniumhq.selenium/selenium-support/4.36.0/fe5336118bbc34c91c06c9f2f2bc7f5199b3c207/selenium-support-4.36.0.jar:/Users/aleksandrshvidkii/.gradle/caches/modules-2/files-2.1/org.seleniumhq.selenium/selenium-chromium-driver/4.36.0/8b7fd718ba9c2a74dfe9ed6a4a1008e65e4fc6f6/selenium-chromium-driver-4.36.0.jar:/Users/aleksandrshvidkii/.gradle/caches/modules-2/files-2.1/org.seleniumhq.selenium/selenium-remote-driver/4.36.0/c46472731d1e4fbca5a535b71fcbbf6967915501/selenium-remote-driver-4.36.0.jar:/Users/aleksandrshvidkii/.gradle/caches/modules-2/files-2.1/org.seleniumhq.selenium/selenium-manager/4.36.0/cfa20ebab4bda5fdc84556cfc7003aad8b4f7e3c/selenium-manager-4.36.0.jar:/Users/aleksandrshvidkii/.gradle/caches/modules-2/files-2.1/org.seleniumhq.selenium/selenium-http/4.36.0/49ca76cb332e6e6a889c537ab8f251145cacf717/selenium-http-4.36.0.jar:/Users/aleksandrshvidkii/.gradle/caches/modules-2/files-2.1/org.seleniumhq.selenium/selenium-json/4.36.0/afa77140c5b8ca0f56593d5b2eef831a9c00b999/selenium-json-4.36.0.jar:/Users/aleksandrshvidkii/.gradle/caches/modules-2/files-2.1/org.seleniumhq.selenium/selenium-os/4.36.0/50ca14dd91a917fdcd508974ed4fc85b7440b07c/selenium-os-4.36.0.jar:/Users/aleksandrshvidkii/.gradle/caches/modules-2/files-2.1/org.seleniumhq.selenium/selenium-api/4.36.0/5f16afadefd1d74e5237820bc32566a8312fba78/selenium-api-4.36.0.jar:/Users/aleksandrshvidkii/.gradle/caches/modules-2/files-2.1/com.google.guava/guava/33.5.0-jre/8699de25f2f979108d6c1b804a7ba38cda1116bc/guava-33.5.0-jre.jar:/Users/aleksandrshvidkii/.gradle/caches/modules-2/files-2.1/org.jspecify/jspecify/1.0.0/7425a601c1c7ec76645a78d22b8c6a627edee507/jspecify-1.0.0.jar:/Users/aleksandrshvidkii/.gradle/caches/modules-2/files-2.1/com.google.errorprone/error_prone_annotations/2.42.0/57a3eddaddd4f2d412e13d3bcefba29b5ebda1b6/error_prone_annotations-2.42.0.jar:/Users/aleksandrshvidkii/.gradle/caches/modules-2/files-2.1/org.apache.commons/commons-lang3/3.19.0/d6524b169a6574cd253760c472d419b47bfd37e6/commons-lang3-3.19.0.jar:/Users/aleksandrshvidkii/.gradle/caches/modules-2/files-2.1/commons-io/commons-io/2.20.0/36f3474daec2849c149e877614e7f979b2082cd2/commons-io-2.20.0.jar:/Users/aleksandrshvidkii/.gradle/caches/modules-2/files-2.1/io.qameta.allure/allure-test-filter/2.17.2/552611cee3e0ad7a6e2c6263926f438f8e5973/allure-test-filter-2.17.2.jar:/Users/aleksandrshvidkii/.gradle/caches/modules-2/files-2.1/io.qameta.allure/allure-java-commons/2.30.0/fcfcc4af056f26fbe74cf21abd81af83dc90c803/allure-java-commons-2.30.0.jar:/Users/aleksandrshvidkii/.gradle/caches/modules-2/files-2.1/org.apache.httpcomponents.client5/httpclient5/5.5.1/89ab9084b94afb7893a54f4d09b07c25246af5a7/httpclient5-5.5.1.jar:/Users/aleksandrshvidkii/.gradle/caches/modules-2/files-2.1/org.slf4j/slf4j-api/2.0.17/d9e58ac9c7779ba3bf8142aff6c830617a7fe60f/slf4j-api-2.0.17.jar:/Users/aleksandrshvidkii/.gradle/caches/modules-2/files-2.1/org.yaml/snakeyaml/1.23/e8520d52edca3d8dc0f366cff520fb4498ec8a5f/snakeyaml-1.23-android.jar:/Users/aleksandrshvidkii/.gradle/caches/modules-2/files-2.1/com.github.mifmif/generex/1.0.2/b378f873b4e8d7616c3d920e2132cb1c87679600/generex-1.0.2.jar:/Users/aleksandrshvidkii/.gradle/caches/modules-2/files-2.1/com.github.valfirst.browserup-proxy/browserup-proxy-core/3.2.1/b770ae7c4a14b10f351af3330455b08c353a2425/browserup-proxy-core-3.2.1.jar:/Users/aleksandrshvidkii/.gradle/caches/modules-2/files-2.1/io.qameta.allure/allure-model/2.30.0/7033bd6a823ac4628476a482331cd12ebed2ab15/allure-model-2.30.0.jar:/Users/aleksandrshvidkii/.gradle/caches/modules-2/files-2.1/dk.brics.automaton/automaton/1.11-8/6ebfa65eb431ff4b715a23be7a750cbc4cc96d0f/automaton-1.11-8.jar:/Users/aleksandrshvidkii/.gradle/caches/modules-2/files-2.1/com.google.auto.service/auto-service-annotations/1.1.1/da12a15cd058ba90a0ff55357fb521161af4736d/auto-service-annotations-1.1.1.jar:/Users/aleksandrshvidkii/.gradle/caches/modules-2/files-2.1/io.opentelemetry/opentelemetry-exporter-logging/1.54.0/52f132a81dbeabb67daf4b6c88d886bbded20a12/opentelemetry-exporter-logging-1.54.0.jar:/Users/aleksandrshvidkii/.gradle/caches/modules-2/files-2.1/io.opentelemetry/opentelemetry-sdk-extension-autoconfigure/1.54.0/ce263eafabcb2dce3869de6c422b5e14ba228107/opentelemetry-sdk-extension-autoconfigure-1.54.0.jar:/Users/aleksandrshvidkii/.gradle/caches/modules-2/files-2.1/io.opentelemetry/opentelemetry-sdk-extension-autoconfigure-spi/1.54.0/bf65cf01d25e9ac6848b3a6c127f43eeae4b0fc9/opentelemetry-sdk-extension-autoconfigure-spi-1.54.0.jar:/Users/aleksandrshvidkii/.gradle/caches/modules-2/files-2.1/io.opentelemetry/opentelemetry-sdk/1.54.0/f13f5a2d1797328bbaa04bc399801325f3746c05/opentelemetry-sdk-1.54.0.jar:/Users/aleksandrshvidkii/.gradle/caches/modules-2/files-2.1/io.opentelemetry/opentelemetry-sdk-trace/1.54.0/6538cada5eeb02d7915b67beaa556da78a5e5bba/opentelemetry-sdk-trace-1.54.0.jar:/Users/aleksandrshvidkii/.gradle/caches/modules-2/files-2.1/io.opentelemetry/opentelemetry-sdk-metrics/1.54.0/2c77d3b0c8c8effdf0962ea49bce2e2ea35b11a7/opentelemetry-sdk-metrics-1.54.0.jar:/Users/aleksandrshvidkii/.gradle/caches/modules-2/files-2.1/io.opentelemetry/opentelemetry-sdk-logs/1.54.0/11a4c6be27d214e76f990e223a5c8bcbebcaef1f/opentelemetry-sdk-logs-1.54.0.jar:/Users/aleksandrshvidkii/.gradle/caches/modules-2/files-2.1/io.opentelemetry/opentelemetry-sdk-common/1.54.0/f3a0197de4697c8319f9ee22366ba6817877291d/opentelemetry-sdk-common-1.54.0.jar:/Users/aleksandrshvidkii/.gradle/caches/modules-2/files-2.1/io.opentelemetry/opentelemetry-api/1.54.0/1f309aa3b0ada4808ec092390486ffdad4c917e9/opentelemetry-api-1.54.0.jar:/Users/aleksandrshvidkii/.gradle/caches/modules-2/files-2.1/io.opentelemetry/opentelemetry-context/1.54.0/dea52910b067f62ee93bead08cde2847dd5e4675/opentelemetry-context-1.54.0.jar:/Users/aleksandrshvidkii/.gradle/caches/modules-2/files-2.1/net.bytebuddy/byte-buddy/1.17.7/3856bfab61beb23e099a0d6629f2ba8de4b98ace/byte-buddy-1.17.7.jar:/Users/aleksandrshvidkii/.gradle/caches/modules-2/files-2.1/org.apache.httpcomponents.core5/httpcore5-h2/5.3.6/5b4b321d0001aac957f5db293e3cbc4099fc15b8/httpcore5-h2-5.3.6.jar:/Users/aleksandrshvidkii/.gradle/caches/modules-2/files-2.1/org.apache.httpcomponents.core5/httpcore5/5.3.6/2c7f0d11747f9485a02c9f622c0f0477d7ce8677/httpcore5-5.3.6.jar:/Users/aleksandrshvidkii/.gradle/caches/modules-2/files-2.1/com.google.guava/failureaccess/1.0.3/aeaffd00d57023a2c947393ed251f0354f0985fc/failureaccess-1.0.3.jar:/Users/aleksandrshvidkii/.gradle/caches/modules-2/files-2.1/com.google.guava/listenablefuture/9999.0-empty-to-avoid-conflict-with-guava/b421526c5f297295adef1c886e5246c39d4ac629/listenablefuture-9999.0-empty-to-avoid-conflict-with-guava.jar:/Users/aleksandrshvidkii/.gradle/caches/modules-2/files-2.1/com.google.j2objc/j2objc-annotations/3.1/a892ca9507839bbdb900d64310ac98256cab992f/j2objc-annotations-3.1.jar:/Users/aleksandrshvidkii/.gradle/caches/modules-2/files-2.1/io.opentelemetry/opentelemetry-common/1.54.0/468902f395c631919a8e63bf1a352365133dc1e/opentelemetry-common-1.54.0.jar:/Users/aleksandrshvidkii/.gradle/caches/modules-2/files-2.1/org.apache.commons/commons-exec/1.5.0/d83ddeb0b9e0f3011a6902984551fc2d3aa1fe7c/commons-exec-1.5.0.jar
java.vm.vendor=Homebrew
sun.arch.data.model=64
user.variant=
java.vendor.url=https://github.com/Homebrew/homebrew-core/issues
user.timezone=Europe/Moscow
java.vm.specification.version=23
os.name=Mac OS X
sun.java.launcher=SUN_STANDARD
user.country=GB
sun.boot.library.path=/opt/homebrew/Cellar/openjdk/23.0.2/libexec/openjdk.jdk/Contents/Home/lib:/opt/homebrew/Cellar/openjdk/23.0.2/libexec/openjdk.jdk/Contents/Home/lib
sun.java.command=worker.org.gradle.process.internal.worker.GradleWorkerMain 'Gradle Test Executor 6'
http.nonProxyHosts=local|*.local|169.254/16|*.169.254/16
jdk.debug=release
allure.results.directory=/Users/aleksandrshvidkii/IdeaProjects/at_elektroinstrument/build/allure-results
sun.cpu.endian=little
user.home=/Users/aleksandrshvidkii
org.gradle.appname=gradle
user.language=en
java.specification.vendor=Oracle Corporation
java.version.date=2025-01-21
java.home=/opt/homebrew/Cellar/openjdk/23.0.2/libexec/openjdk.jdk/Contents/Home
file.separator=/
java.vm.compressedOopsMode=Zero based
line.separator=

java.vm.specification.vendor=Oracle Corporation
java.specification.name=Java Platform API Specification
apple.awt.application.name=GradleDaemon
sun.management.compiler=HotSpot 64-Bit Tiered Compilers
ftp.nonProxyHosts=local|*.local|169.254/16|*.169.254/16
java.runtime.version=23.0.2
user.name=aleksandrshvidkii
stdout.encoding=UTF-8
path.separator=:
os.version=15.6.1
java.runtime.name=OpenJDK Runtime Environment
file.encoding=UTF-8
browser=mozilla
java.vm.name=OpenJDK 64-Bit Server VM
java.vendor.version=Homebrew
java.vendor.url.bug=https://github.com/Homebrew/homebrew-core/issues
java.io.tmpdir=/var/folders/wm/9b638b953hdfkzn7tkvpkkj00000gn/T/
java.version=23.0.2
user.dir=/Users/aleksandrshvidkii/IdeaProjects/at_elektroinstrument
os.arch=aarch64
java.vm.specification.name=Java Virtual Machine Specification
org.gradle.internal.worker.tmpdir=/Users/aleksandrshvidkii/IdeaProjects/at_elektroinstrument/build/tmp/browser_test/work
native.encoding=UTF-8
java.library.path=/Users/aleksandrshvidkii/Library/Java/Extensions:/Library/Java/Extensions:/Network/Library/Java/Extensions:/System/Library/Java/Extensions:/usr/lib/java:.
junit.jupiter.extensions.autodetection.enabled=true
java.vm.info=mixed mode, sharing
java.vendor=Homebrew
stderr.encoding=UTF-8
java.vm.version=23.0.2
sun.io.unicode.encoding=UnicodeBig
library.jansi.path=/Users/aleksandrshvidkii/.gradle/native/jansi/1.18/osx
java.class.version=67.0
socksNonProxyHosts=local|*.local|169.254/16|*.169.254/16
---- Command Line ---
Empty
---- Full Classpath ---
Empty
---- Compiler Messages ---
Empty
